==21232== Memcheck, a memory error detector
==21232== Copyright (C) 2002-2017, and GNU GPL'd, by Julian Seward et al.
==21232== Using Valgrind-3.15.0-608cb11914-20190413 and LibVEX; rerun with -h for copyright info
==21232== Command: ./a.out test1.txt
==21232== Parent PID: 19750
==21232== 
--21232-- 
--21232-- Valgrind options:
--21232--    -v
--21232--    --tool=memcheck
--21232--    --leak-check=full
--21232--    --show-leak-kinds=all
--21232--    --track-origins=yes
--21232--    --log-file=logfile.out
--21232-- Contents of /proc/version:
--21232--   Linux version 5.4.0-72-generic (buildd@lcy01-amd64-019) (gcc version 9.3.0 (Ubuntu 9.3.0-17ubuntu1~20.04)) #80-Ubuntu SMP Mon Apr 12 17:35:00 UTC 2021
--21232-- 
--21232-- Arch and hwcaps: AMD64, LittleEndian, amd64-cx16-lzcnt-rdtscp-sse3-ssse3-avx-avx2-bmi-f16c-rdrand
--21232-- Page sizes: currently 4096, max supported 4096
--21232-- Valgrind library directory: /usr/lib/x86_64-linux-gnu/valgrind
--21232-- Reading syms from /home/luiz/Documents/Trabalho 3/a.out
--21232-- Reading syms from /lib/x86_64-linux-gnu/ld-2.31.so
--21232--   Considering /lib/x86_64-linux-gnu/ld-2.31.so ..
--21232--   .. CRC mismatch (computed 975d0390 wanted 30bd717f)
--21232--   Considering /lib/x86_64-linux-gnu/ld-2.31.so ..
--21232--   .. CRC mismatch (computed 975d0390 wanted 30bd717f)
--21232--   Considering /usr/lib/debug/lib/x86_64-linux-gnu/ld-2.31.so ..
--21232--   .. CRC is valid
--21232-- Reading syms from /usr/lib/x86_64-linux-gnu/valgrind/memcheck-amd64-linux
--21232--    object doesn't have a symbol table
--21232--    object doesn't have a dynamic symbol table
--21232-- Scheduler: using generic scheduler lock implementation.
--21232-- Reading suppressions file: /usr/lib/x86_64-linux-gnu/valgrind/default.supp
==21232== embedded gdbserver: reading from /tmp/vgdb-pipe-from-vgdb-to-21232-by-luiz-on-???
==21232== embedded gdbserver: writing to   /tmp/vgdb-pipe-to-vgdb-from-21232-by-luiz-on-???
==21232== embedded gdbserver: shared mem   /tmp/vgdb-pipe-shared-mem-vgdb-21232-by-luiz-on-???
==21232== 
==21232== TO CONTROL THIS PROCESS USING vgdb (which you probably
==21232== don't want to do, unless you know exactly what you're doing,
==21232== or are doing some strange experiment):
==21232==   /usr/lib/x86_64-linux-gnu/valgrind/../../bin/vgdb --pid=21232 ...command...
==21232== 
==21232== TO DEBUG THIS PROCESS USING GDB: start GDB like this
==21232==   /path/to/gdb ./a.out
==21232== and then give GDB the following command
==21232==   target remote | /usr/lib/x86_64-linux-gnu/valgrind/../../bin/vgdb --pid=21232
==21232== --pid is optional if only one valgrind process is running
==21232== 
--21232-- REDIR: 0x4022e10 (ld-linux-x86-64.so.2:strlen) redirected to 0x580c9ce2 (???)
--21232-- REDIR: 0x4022be0 (ld-linux-x86-64.so.2:index) redirected to 0x580c9cfc (???)
--21232-- Reading syms from /usr/lib/x86_64-linux-gnu/valgrind/vgpreload_core-amd64-linux.so
--21232--    object doesn't have a symbol table
--21232-- Reading syms from /usr/lib/x86_64-linux-gnu/valgrind/vgpreload_memcheck-amd64-linux.so
--21232--    object doesn't have a symbol table
==21232== WARNING: new redirection conflicts with existing -- ignoring it
--21232--     old: 0x04022e10 (strlen              ) R-> (0000.0) 0x580c9ce2 ???
--21232--     new: 0x04022e10 (strlen              ) R-> (2007.0) 0x0483f060 strlen
--21232-- REDIR: 0x401f5f0 (ld-linux-x86-64.so.2:strcmp) redirected to 0x483ffd0 (strcmp)
--21232-- REDIR: 0x4023370 (ld-linux-x86-64.so.2:mempcpy) redirected to 0x4843a20 (mempcpy)
--21232-- Reading syms from /lib/x86_64-linux-gnu/libc-2.31.so
--21232--   Considering /lib/x86_64-linux-gnu/libc-2.31.so ..
--21232--   .. CRC mismatch (computed 86b78530 wanted e380f01c)
--21232--   Considering /lib/x86_64-linux-gnu/libc-2.31.so ..
--21232--   .. CRC mismatch (computed 86b78530 wanted e380f01c)
--21232--   Considering /usr/lib/debug/lib/x86_64-linux-gnu/libc-2.31.so ..
--21232--   .. CRC is valid
--21232-- REDIR: 0x4906600 (libc.so.6:memmove) redirected to 0x48311d0 (_vgnU_ifunc_wrapper)
--21232-- REDIR: 0x4905900 (libc.so.6:strncpy) redirected to 0x48311d0 (_vgnU_ifunc_wrapper)
--21232-- REDIR: 0x4906930 (libc.so.6:strcasecmp) redirected to 0x48311d0 (_vgnU_ifunc_wrapper)
--21232-- REDIR: 0x4905220 (libc.so.6:strcat) redirected to 0x48311d0 (_vgnU_ifunc_wrapper)
--21232-- REDIR: 0x4905960 (libc.so.6:rindex) redirected to 0x48311d0 (_vgnU_ifunc_wrapper)
--21232-- REDIR: 0x4907dd0 (libc.so.6:rawmemchr) redirected to 0x48311d0 (_vgnU_ifunc_wrapper)
--21232-- REDIR: 0x4922e60 (libc.so.6:wmemchr) redirected to 0x48311d0 (_vgnU_ifunc_wrapper)
--21232-- REDIR: 0x49229a0 (libc.so.6:wcscmp) redirected to 0x48311d0 (_vgnU_ifunc_wrapper)
--21232-- REDIR: 0x4906760 (libc.so.6:mempcpy) redirected to 0x48311d0 (_vgnU_ifunc_wrapper)
--21232-- REDIR: 0x4906590 (libc.so.6:bcmp) redirected to 0x48311d0 (_vgnU_ifunc_wrapper)
--21232-- REDIR: 0x4905890 (libc.so.6:strncmp) redirected to 0x48311d0 (_vgnU_ifunc_wrapper)
--21232-- REDIR: 0x49052d0 (libc.so.6:strcmp) redirected to 0x48311d0 (_vgnU_ifunc_wrapper)
--21232-- REDIR: 0x49066c0 (libc.so.6:memset) redirected to 0x48311d0 (_vgnU_ifunc_wrapper)
--21232-- REDIR: 0x4922960 (libc.so.6:wcschr) redirected to 0x48311d0 (_vgnU_ifunc_wrapper)
--21232-- REDIR: 0x49057f0 (libc.so.6:strnlen) redirected to 0x48311d0 (_vgnU_ifunc_wrapper)
--21232-- REDIR: 0x49053b0 (libc.so.6:strcspn) redirected to 0x48311d0 (_vgnU_ifunc_wrapper)
--21232-- REDIR: 0x4906980 (libc.so.6:strncasecmp) redirected to 0x48311d0 (_vgnU_ifunc_wrapper)
--21232-- REDIR: 0x4905350 (libc.so.6:strcpy) redirected to 0x48311d0 (_vgnU_ifunc_wrapper)
--21232-- REDIR: 0x4906ad0 (libc.so.6:memcpy@@GLIBC_2.14) redirected to 0x48311d0 (_vgnU_ifunc_wrapper)
--21232-- REDIR: 0x49240d0 (libc.so.6:wcsnlen) redirected to 0x48311d0 (_vgnU_ifunc_wrapper)
--21232-- REDIR: 0x49229e0 (libc.so.6:wcscpy) redirected to 0x48311d0 (_vgnU_ifunc_wrapper)
--21232-- REDIR: 0x49059a0 (libc.so.6:strpbrk) redirected to 0x48311d0 (_vgnU_ifunc_wrapper)
--21232-- REDIR: 0x4905280 (libc.so.6:index) redirected to 0x48311d0 (_vgnU_ifunc_wrapper)
--21232-- REDIR: 0x49057b0 (libc.so.6:strlen) redirected to 0x48311d0 (_vgnU_ifunc_wrapper)
--21232-- REDIR: 0x490ed20 (libc.so.6:memrchr) redirected to 0x48311d0 (_vgnU_ifunc_wrapper)
--21232-- REDIR: 0x49069d0 (libc.so.6:strcasecmp_l) redirected to 0x48311d0 (_vgnU_ifunc_wrapper)
--21232-- REDIR: 0x4906550 (libc.so.6:memchr) redirected to 0x48311d0 (_vgnU_ifunc_wrapper)
--21232-- REDIR: 0x4922ab0 (libc.so.6:wcslen) redirected to 0x48311d0 (_vgnU_ifunc_wrapper)
--21232-- REDIR: 0x4905c60 (libc.so.6:strspn) redirected to 0x48311d0 (_vgnU_ifunc_wrapper)
--21232-- REDIR: 0x49068d0 (libc.so.6:stpncpy) redirected to 0x48311d0 (_vgnU_ifunc_wrapper)
--21232-- REDIR: 0x4906870 (libc.so.6:stpcpy) redirected to 0x48311d0 (_vgnU_ifunc_wrapper)
--21232-- REDIR: 0x4907e10 (libc.so.6:strchrnul) redirected to 0x48311d0 (_vgnU_ifunc_wrapper)
--21232-- REDIR: 0x4906a20 (libc.so.6:strncasecmp_l) redirected to 0x48311d0 (_vgnU_ifunc_wrapper)
--21232-- REDIR: 0x49ee490 (libc.so.6:__strrchr_avx2) redirected to 0x483ea10 (rindex)
--21232-- REDIR: 0x4900260 (libc.so.6:malloc) redirected to 0x483b780 (malloc)
--21232-- REDIR: 0x4906120 (libc.so.6:__GI_strstr) redirected to 0x4843ca0 (__strstr_sse2)
--21232-- REDIR: 0x49f1af0 (libc.so.6:__memset_avx2_unaligned_erms) redirected to 0x48428e0 (memset)
--21232-- REDIR: 0x49ee2a0 (libc.so.6:__strchrnul_avx2) redirected to 0x4843540 (strchrnul)
--21232-- REDIR: 0x49f1650 (libc.so.6:__mempcpy_avx_unaligned_erms) redirected to 0x4843660 (mempcpy)
--21232-- REDIR: 0x49ee660 (libc.so.6:__strlen_avx2) redirected to 0x483ef40 (strlen)
--21232-- REDIR: 0x49f1670 (libc.so.6:__memcpy_avx_unaligned_erms) redirected to 0x48429f0 (memmove)
--21232-- REDIR: 0x4900850 (libc.so.6:free) redirected to 0x483c9d0 (free)
--21232-- REDIR: 0x49e9b60 (libc.so.6:__strcmp_avx2) redirected to 0x483fed0 (strcmp)
==21232== 
==21232== HEAP SUMMARY:
==21232==     in use at exit: 0 bytes in 0 blocks
==21232==   total heap usage: 239 allocs, 239 frees, 30,900 bytes allocated
==21232== 
==21232== All heap blocks were freed -- no leaks are possible
==21232== 
==21232== ERROR SUMMARY: 0 errors from 0 contexts (suppressed: 0 from 0)
